mode: set
github.com/mznrasil/bookings/cmd/web/main.go:22.13,24.16 2 0
github.com/mznrasil/bookings/cmd/web/main.go:24.16,26.3 1 0
github.com/mznrasil/bookings/cmd/web/main.go:28.2,35.16 4 0
github.com/mznrasil/bookings/cmd/web/main.go:38.18,54.16 10 1
github.com/mznrasil/bookings/cmd/web/main.go:54.16,57.3 2 0
github.com/mznrasil/bookings/cmd/web/main.go:58.2,65.12 6 1
github.com/mznrasil/bookings/cmd/web/middleware.go:9.45,18.2 3 1
github.com/mznrasil/bookings/cmd/web/middleware.go:20.50,22.2 1 1
github.com/mznrasil/bookings/cmd/web/routes.go:12.55,36.2 17 1
