mode: set
github.com/mznrasil/bookings/internal/render/render.go:21.40,23.2 1 1
github.com/mznrasil/bookings/internal/render/render.go:25.84,31.2 5 1
github.com/mznrasil/bookings/internal/render/render.go:33.105,35.24 2 1
github.com/mznrasil/bookings/internal/render/render.go:35.24,37.3 1 0
github.com/mznrasil/bookings/internal/render/render.go:37.8,39.3 1 1
github.com/mznrasil/bookings/internal/render/render.go:42.2,43.9 2 1
github.com/mznrasil/bookings/internal/render/render.go:43.9,45.3 1 1
github.com/mznrasil/bookings/internal/render/render.go:47.2,52.16 4 1
github.com/mznrasil/bookings/internal/render/render.go:52.16,55.3 2 0
github.com/mznrasil/bookings/internal/render/render.go:58.2,59.16 2 1
github.com/mznrasil/bookings/internal/render/render.go:59.16,62.3 2 0
github.com/mznrasil/bookings/internal/render/render.go:64.2,64.12 1 1
github.com/mznrasil/bookings/internal/render/render.go:67.67,71.16 3 1
github.com/mznrasil/bookings/internal/render/render.go:71.16,73.3 1 0
github.com/mznrasil/bookings/internal/render/render.go:75.2,75.29 1 1
github.com/mznrasil/bookings/internal/render/render.go:75.29,78.17 3 1
github.com/mznrasil/bookings/internal/render/render.go:78.17,80.4 1 0
github.com/mznrasil/bookings/internal/render/render.go:82.3,83.17 2 1
github.com/mznrasil/bookings/internal/render/render.go:83.17,85.4 1 0
github.com/mznrasil/bookings/internal/render/render.go:87.3,87.23 1 1
github.com/mznrasil/bookings/internal/render/render.go:87.23,89.18 2 1
github.com/mznrasil/bookings/internal/render/render.go:89.18,91.5 1 0
github.com/mznrasil/bookings/internal/render/render.go:94.3,94.21 1 1
github.com/mznrasil/bookings/internal/render/render.go:97.2,97.21 1 1
